<?xml version="1.0" encoding="UTF-8" ?>
<testsuite errors="0" failures="0" hostname="Varuns-MBP" name="MarkupCalculatorTests" skipped="0" tests="4" time="0.046" timestamp="2015-11-21T07:15:28">
  <properties>
[...]
</properties>
  <testcase classname="MarkupCalculatorTests" name="testGetTotalPeopleMarkupShouldReturnValidValues" time="0.001" />
  <testcase classname="MarkupCalculatorTests" name="testGetCategoryCalculateFinalPriceShouldIncludeMarkups" time="0.001" />
  <testcase classname="MarkupCalculatorTests" name="testGetCategoryMarkupShouldReturnValidValues" time="0.0" />
  <testcase classname="MarkupCalculatorTests" name="testGetTotalPeopleMarkupShouldRaiseException" time="0.007" />
  <system-out><![CDATA[]]></system-out>
  <system-err><![CDATA[]]></system-err>
</testsuite>
